SF:lib/features/number_trivia/data/models/number_trivia_model.dart
DA:4,2
DA:5,1
DA:7,1
DA:8,1
DA:9,3
DA:12,1
DA:13,3
LF:7
LH:7
end_of_record
SF:lib/features/number_trivia/domain/entities/number_trivia.dart
DA:7,5
DA:10,1
DA:12,1
DA:13,3
LF:4
LH:4
end_of_record
SF:lib/features/number_trivia/domain/usecases/get_concrete_number_trivia.dart
DA:12,1
DA:15,1
DA:16,4
DA:23,2
DA:25,0
DA:26,0
LF:6
LH:4
end_of_record
SF:lib/core/error/failures.dart
DA:4,0
LF:1
LH:0
end_of_record
SF:lib/core/usecases/usecase.dart
DA:10,0
DA:11,0
LF:2
LH:0
end_of_record
SF:lib/features/number_trivia/domain/usecases/get_random_number_trivia.dart
DA:11,1
DA:14,1
DA:15,3
LF:3
LH:3
end_of_record
